Arguments: 
  /Users/antonimassomola/.nvm/versions/node/v6.9.4/bin/node /usr/local/Cellar/yarn/1.5.1_1/libexec/bin/yarn.js add @symfony/webpack-encore

PATH: 
  /Users/antonimassomola/.nvm/versions/node/v6.9.4/bin:/usr/local/bin:/usr/bin:/bin:/usr/sbin:/sbin:/usr/local/go/bin:/opt/X11/bin

Yarn version: 
  1.5.1

Node version: 
  6.9.4

Platform: 
  darwin x64

npm manifest: 
  {
    "dependencies": {
      "bootstrap": "4.0.0",
      "holderjs": "^2.9.4"
    }
  }

yarn manifest: 
  No manifest

Lockfile: 
  # THIS IS AN AUTOGENERATED FILE. DO NOT EDIT THIS FILE DIRECTLY.
  # yarn lockfile v1
  
  
  bootstrap@4.0.0:
    version "4.0.0"
    resolved "https://registry.yarnpkg.com/bootstrap/-/bootstrap-4.0.0.tgz#ceb03842c145fcc1b9b4e15da2a05656ba68469a"
  
  escape-html@~1.0.1:
    version "1.0.3"
    resolved "https://registry.yarnpkg.com/escape-html/-/escape-html-1.0.3.tgz#0258eae4d3d0c0974de1c169188ef0051d1d1988"
  
  holderjs@^2.9.4:
    version "2.9.4"
    resolved "https://registry.yarnpkg.com/holderjs/-/holderjs-2.9.4.tgz#a165dbc2532ebff975491312259d0c520c059898"
    dependencies:
      shaven "^0.8.1"
  
  shaven@^0.8.1:
    version "0.8.1"
    resolved "https://registry.yarnpkg.com/shaven/-/shaven-0.8.1.tgz#0f42d4fb32c4048349ff9ee9c296f5effb2dcaaf"
    dependencies:
      escape-html "~1.0.1"

Trace: 
  Error: Found incompatible module
      at MessageError.Error (native)
      at new MessageError (/usr/local/Cellar/yarn/1.5.1_1/libexec/lib/cli.js:186:110)
      at checkOne (/usr/local/Cellar/yarn/1.5.1_1/libexec/lib/cli.js:62444:11)
      at Object.check (/usr/local/Cellar/yarn/1.5.1_1/libexec/lib/cli.js:62463:5)
      at /usr/local/Cellar/yarn/1.5.1_1/libexec/lib/cli.js:22803:73
      at next (native)
      at step (/usr/local/Cellar/yarn/1.5.1_1/libexec/lib/cli.js:98:30)
      at /usr/local/Cellar/yarn/1.5.1_1/libexec/lib/cli.js:109:13
